d:\uni\graphics unit\week 1\lesson 1\lesson_1\lesson_1\release\vc141.pdb
d:\uni\graphics unit\week 1\lesson 1\lesson_1\lesson_1\release\main.obj
d:\uni\graphics unit\week 10\latest work\multiple lights and models\lesson_1\lesson_1\release\vc141.pdb
d:\uni\graphics unit\week 10\latest work\multiple lights and models\lesson_1\lesson_1\release\texture.obj
d:\uni\graphics unit\week 10\latest work\multiple lights and models\lesson_1\lesson_1\release\sprite.obj
d:\uni\graphics unit\week 10\latest work\multiple lights and models\lesson_1\lesson_1\release\skybox.obj
d:\uni\graphics unit\week 10\latest work\multiple lights and models\lesson_1\lesson_1\release\shadermanager.obj
d:\uni\graphics unit\week 10\latest work\multiple lights and models\lesson_1\lesson_1\release\screenmanager.obj
d:\uni\graphics unit\week 10\latest work\multiple lights and models\lesson_1\lesson_1\release\quad.obj
d:\uni\graphics unit\week 10\latest work\multiple lights and models\lesson_1\lesson_1\release\model.obj
d:\uni\graphics unit\week 10\latest work\multiple lights and models\lesson_1\lesson_1\release\main.obj
d:\uni\graphics unit\week 10\latest work\multiple lights and models\lesson_1\lesson_1\release\light.obj
d:\uni\graphics unit\week 10\latest work\multiple lights and models\lesson_1\lesson_1\release\inputmanager.obj
d:\uni\graphics unit\week 10\latest work\multiple lights and models\lesson_1\lesson_1\release\gameobject.obj
d:\uni\graphics unit\week 10\latest work\multiple lights and models\lesson_1\lesson_1\release\gamemanager.obj
d:\uni\graphics unit\week 10\latest work\multiple lights and models\lesson_1\lesson_1\release\debugmanager.obj
d:\uni\graphics unit\week 10\latest work\multiple lights and models\lesson_1\lesson_1\release\cube.obj
d:\uni\graphics unit\week 10\latest work\multiple lights and models\lesson_1\lesson_1\release\camera.obj
d:\uni\graphics unit\week 10\latest work\multiple lights and models\lesson_1\lesson_1\release\buffer.obj
d:\uni\graphics unit\week 1\lesson 1\lesson_1\release\lesson_1.ipdb
d:\uni\graphics unit\week 1\lesson 1\lesson_1\release\lesson_1.iobj
d:\uni\graphics unit\week 10\latest work\multiple lights and models\lesson_1\release\lesson_1.ipdb
d:\uni\graphics unit\week 10\latest work\multiple lights and models\lesson_1\release\lesson_1.iobj
d:\uni\graphics unit\week 1\lesson 1\lesson_1\release\lesson_1.exe
d:\uni\graphics unit\week 1\lesson 1\lesson_1\release\lesson_1.pdb
d:\uni\graphics unit\week 10\latest work\multiple lights and models\lesson_1\release\lesson_1.exe
d:\uni\graphics unit\week 10\latest work\multiple lights and models\lesson_1\release\lesson_1.pdb
d:\uni\graphics unit\week 10\latest work\multiple lights and models\lesson_1\lesson_1\release\lesson_1.tlog\cl.command.1.tlog
d:\uni\graphics unit\week 10\latest work\multiple lights and models\lesson_1\lesson_1\release\lesson_1.tlog\cl.read.1.tlog
d:\uni\graphics unit\week 10\latest work\multiple lights and models\lesson_1\lesson_1\release\lesson_1.tlog\cl.write.1.tlog
d:\uni\graphics unit\week 10\latest work\multiple lights and models\lesson_1\lesson_1\release\lesson_1.tlog\lesson_1.write.1u.tlog
d:\uni\graphics unit\week 10\latest work\multiple lights and models\lesson_1\lesson_1\release\lesson_1.tlog\link.command.1.tlog
d:\uni\graphics unit\week 10\latest work\multiple lights and models\lesson_1\lesson_1\release\lesson_1.tlog\link.read.1.tlog
d:\uni\graphics unit\week 10\latest work\multiple lights and models\lesson_1\lesson_1\release\lesson_1.tlog\link.write.1.tlog
